-------------------------------------------------------------------------------
Test set: hellocucumber.RunCucumberTest
-------------------------------------------------------------------------------
Tests run: 1, Failures: 0, Errors: 1, Skipped: 0, Time elapsed: 0.168 s <<< FAILURE! - in hellocucumber.RunCucumberTest
Is it Friday yet?.Sunday isnÂ´t Friday  Time elapsed: 0.069 s  <<< ERROR!
io.cucumber.java.PendingException: TODO: implement me

